<?xml version="1.0" encoding="UTF-8"?>
<!-- Generated by org.testng.reporters.JUnitReportReporter -->
<testsuite hostname="LAPTOP-FG8BGFDH" failures="0" tests="1" name="testNGPackage.Demo" time="0.009" errors="0" timestamp="2023-07-15T15:12:33 IST" skipped="0">
  <testcase classname="testNGPackage.Demo" name="f" time="0.009">
    <system-out>
      <![CDATA[This is TestNG Demo class!]]>
    </system-out>
  </testcase> <!-- f -->
  <system-out>
    <![CDATA[This is TestNG Demo class!]]>
  </system-out>
</testsuite> <!-- testNGPackage.Demo -->
